<?xml version="1.0" encoding="UTF-8"?>
<testsuite xmlns:xsi="http://www.w3.org/2001/XMLSchema-instance" xsi:noNamespaceSchemaLocation="https://maven.apache.org/surefire/maven-surefire-plugin/xsd/surefire-test-report-3.0.xsd" version="3.0" name="br.com.wsp.vote.VoteApplicationTests" time="10.047" tests="1" errors="0" skipped="0" failures="0">
  <properties>
[...]
</properties>
  <testcase name="contextLoads" classname="br.com.wsp.vote.VoteApplicationTests" time="1.042">
    <system-out><![CDATA[16:42:02.964 [main] INFO org.springframework.test.context.support.AnnotationConfigContextLoaderUtils -- Could not detect default configuration classes for test class [br.com.wsp.vote.VoteApplicationTests]: VoteApplicationTests does not declare any static, non-private, non-final, nested classes annotated with @Configuration.
16:42:03.159 [main] INFO org.springframework.boot.test.context.SpringBootTestContextBootstrapper -- Found @SpringBootConfiguration br.com.wsp.vote.VoteApplication for test class br.com.wsp.vote.VoteApplicationTests

  .   ____          _            __ _ _
 /\\ / ___'_ __ _ _(_)_ __  __ _ \ \ \ \
( ( )\___ | '_ | '_| | '_ \/ _` | \ \ \ \
 \\/  ___)| |_)| | | | | || (_| |  ) ) ) )
  '  |____| .__|_| |_|_| |_\__, | / / / /
 =========|_|==============|___/=/_/_/_/
 :: Spring Boot ::                (v3.1.1)

2023-07-04T16:42:04.005-03:00  INFO 31587 --- [           main] br.com.wsp.vote.VoteApplicationTests     : Starting VoteApplicationTests using Java 17.0.7 with PID 31587 (started by wellik in /home/wellik/Documentos/vote)
2023-07-04T16:42:04.008-03:00  INFO 31587 --- [           main] br.com.wsp.vote.VoteApplicationTests     : No active profile set, falling back to 1 default profile: "default"
2023-07-04T16:42:05.660-03:00  INFO 31587 --- [           main] .s.d.r.c.RepositoryConfigurationDelegate : Bootstrapping Spring Data JPA repositories in DEFAULT mode.
2023-07-04T16:42:05.763-03:00  INFO 31587 --- [           main] .s.d.r.c.RepositoryConfigurationDelegate : Finished Spring Data repository scanning in 89 ms. Found 2 JPA repository interfaces.
2023-07-04T16:42:06.771-03:00  INFO 31587 --- [           main] o.f.c.internal.license.VersionPrinter    : Flyway Community Edition 9.16.3 by Redgate
2023-07-04T16:42:06.772-03:00  INFO 31587 --- [           main] o.f.c.internal.license.VersionPrinter    : See release notes here: https://rd.gt/416ObMi
2023-07-04T16:42:06.772-03:00  INFO 31587 --- [           main] o.f.c.internal.license.VersionPrinter    : 
2023-07-04T16:42:06.787-03:00  INFO 31587 --- [           main] com.zaxxer.hikari.HikariDataSource       : HikariPool-1 - Starting...
2023-07-04T16:42:06.975-03:00  INFO 31587 --- [           main] com.zaxxer.hikari.pool.HikariPool        : HikariPool-1 - Added connection org.mariadb.jdbc.Connection@6650a6c
2023-07-04T16:42:06.978-03:00  INFO 31587 --- [           main] com.zaxxer.hikari.HikariDataSource       : HikariPool-1 - Start completed.
2023-07-04T16:42:07.005-03:00  INFO 31587 --- [           main] o.f.c.i.database.base.BaseDatabaseType   : Database: jdbc:mariadb://localhost/vote (MariaDB 10.6)
2023-07-04T16:42:07.103-03:00  INFO 31587 --- [           main] o.f.core.internal.command.DbValidate     : Successfully validated 0 migrations (execution time 00:00.020s)
2023-07-04T16:42:07.103-03:00  WARN 31587 --- [           main] o.f.core.internal.command.DbValidate     : No migrations found. Are your locations set up correctly?
2023-07-04T16:42:07.118-03:00  INFO 31587 --- [           main] o.f.core.internal.command.DbMigrate      : Current version of schema `vote`: << Empty Schema >>
2023-07-04T16:42:07.121-03:00  INFO 31587 --- [           main] o.f.core.internal.command.DbMigrate      : Schema `vote` is up to date. No migration necessary.
2023-07-04T16:42:07.331-03:00  INFO 31587 --- [           main] o.hibernate.jpa.internal.util.LogHelper  : HHH000204: Processing PersistenceUnitInfo [name: default]
2023-07-04T16:42:07.420-03:00  INFO 31587 --- [           main] org.hibernate.Version                    : HHH000412: Hibernate ORM core version 6.2.5.Final
2023-07-04T16:42:07.424-03:00  INFO 31587 --- [           main] org.hibernate.cfg.Environment            : HHH000406: Using bytecode reflection optimizer
2023-07-04T16:42:07.672-03:00  INFO 31587 --- [           main] o.h.b.i.BytecodeProviderInitiator        : HHH000021: Bytecode provider name : bytebuddy
2023-07-04T16:42:07.883-03:00  INFO 31587 --- [           main] o.s.o.j.p.SpringPersistenceUnitInfo      : No LoadTimeWeaver setup: ignoring JPA class transformer
2023-07-04T16:42:07.950-03:00  WARN 31587 --- [           main] org.hibernate.orm.deprecation            : HHH90000026: MariaDB103Dialect has been deprecated; use org.hibernate.dialect.MariaDBDialect instead
2023-07-04T16:42:08.837-03:00  INFO 31587 --- [           main] o.h.b.i.BytecodeProviderInitiator        : HHH000021: Bytecode provider name : bytebuddy
2023-07-04T16:42:09.827-03:00  INFO 31587 --- [           main] o.h.e.t.j.p.i.JtaPlatformInitiator       : HHH000490: Using JtaPlatform implementation: [org.hibernate.engine.transaction.jta.platform.internal.NoJtaPlatform]
2023-07-04T16:42:09.833-03:00  INFO 31587 --- [           main] j.LocalContainerEntityManagerFactoryBean : Initialized JPA EntityManagerFactory for persistence unit 'default'
2023-07-04T16:42:10.772-03:00  WARN 31587 --- [           main] JpaBaseConfiguration$JpaWebConfiguration : spring.jpa.open-in-view is enabled by default. Therefore, database queries may be performed during view rendering. Explicitly configure spring.jpa.open-in-view to disable this warning
2023-07-04T16:42:11.754-03:00  INFO 31587 --- [           main] br.com.wsp.vote.VoteApplicationTests     : Started VoteApplicationTests in 8.337 seconds (process running for 10.505)
]]></system-out>
  </testcase>
</testsuite>